<?xml version="1.0" encoding="UTF-8"?>
<!-- Generated by org.testng.reporters.JUnitReportReporter -->
<testsuite hostname="LAPTOP-RBJADUBR" failures="0" tests="1" name="akitochalam.tests.SubmitOrderTest" time="0.821" errors="0" timestamp="2022-10-11T18:21:37 IST" skipped="0">
  <testcase classname="akitochalam.tests.SubmitOrderTest" name="PrintingExcelValues" time="0.821"/>
  <system-out/>
</testsuite> <!-- akitochalam.tests.SubmitOrderTest -->
