<?xml version="1.0" encoding="UTF-8"?>
<!-- Generated by org.testng.reporters.JUnitReportReporter -->
<testsuite hostname="LAPTOP-RBJADUBR" failures="0" tests="1" name="akitochalam.tests.StandAlone2Test" time="21.124" errors="0" timestamp="2022-10-05T11:23:18 IST" skipped="0">
  <testcase classname="akitochalam.tests.StandAlone2Test" name="submitOrder" time="21.124"/>
  <system-out/>
</testsuite> <!-- akitochalam.tests.StandAlone2Test -->
