<?xml version="1.0" encoding="UTF-8"?>
<!-- Generated by org.testng.reporters.JUnitReportReporter -->
<testsuite hostname="LAPTOP-RBJADUBR" failures="0" tests="1" name="cucumber.TestNGTestRunner" time="5.467" errors="0" timestamp="2022-10-09T01:32:09 IST" skipped="0">
  <testcase classname="cucumber.TestNGTestRunner" name="runScenario" time="5.467"/>
  <system-out/>
</testsuite> <!-- cucumber.TestNGTestRunner -->
