<?xml version="1.0" encoding="UTF-8"?>
<!-- Generated by org.testng.reporters.JUnitReportReporter -->
<testsuite hostname="LAPTOP-RBJADUBR" failures="0" tests="4" name="akitochalam.tests.SubmitOrderTest" time="20.054" errors="0" timestamp="2022-10-06T13:48:56 IST" skipped="0">
  <testcase classname="akitochalam.tests.SubmitOrderTest" name="OrderHistory" time="2.677"/>
  <system-out/>
  <testcase classname="akitochalam.tests.SubmitOrderTest" name="submitOrder" time="9.107"/>
  <system-out/>
  <testcase classname="akitochalam.tests.SubmitOrderTest" name="OrderHistory" time="2.629"/>
  <system-out/>
  <testcase classname="akitochalam.tests.SubmitOrderTest" name="submitOrder" time="5.641"/>
  <system-out/>
</testsuite> <!-- akitochalam.tests.SubmitOrderTest -->
